# JRE version: Java(TM) SE Runtime Environment (8.0_73-b02) (build 1.8.0_73-b02)
# Java VM: Java HotSpot(TM) 64-Bit Server VM (25.73-b02 mixed mode windows-amd64 compressed oops)
Heap:
 PSYoungGen      total 680448K, used 659154K [0x00000000d6600000, 0x0000000100000000, 0x0000000100000000)
  eden space 678912K, 96% used [0x00000000d6600000,0x00000000fe8ac270,0x00000000ffd00000)
  from space 1536K, 69% used [0x00000000ffd00000,0x00000000ffe09010,0x00000000ffe80000)
  to   space 1536K, 0% used [0x00000000ffe80000,0x00000000ffe80000,0x0000000100000000)
 ParOldGen       total 55296K, used 52511K [0x0000000083200000, 0x0000000086800000, 0x00000000d6600000)
  object space 55296K, 94% used [0x0000000083200000,0x0000000086547d48,0x0000000086800000)
 Metaspace       used 21364K, capacity 22482K, committed 22656K, reserved 1069056K
  class space    used 2957K, capacity 3167K, committed 3200K, reserved 1048576K
GC Heap History (10 events):
Event: 21.895 GC heap before
{Heap before GC invocations=120 (full 1):
 PSYoungGen      total 680448K, used 679908K [0x00000000d6600000, 0x0000000100000000, 0x0000000100000000)
  eden space 678912K, 100% used [0x00000000d6600000,0x00000000ffd00000,0x00000000ffd00000)
  from space 1536K, 64% used [0x00000000ffe80000,0x00000000fff79010,0x0000000100000000)
  to   space 1536K, 0% used [0x00000000ffd00000,0x00000000ffd00000,0x00000000ffe80000)
 ParOldGen       total 55296K, used 52407K [0x0000000083200000, 0x0000000086800000, 0x00000000d6600000)
  object space 55296K, 94% used [0x0000000083200000,0x000000008652dd48,0x0000000086800000)
 Metaspace       used 21304K, capacity 22406K, committed 22656K, reserved 1069056K
  class space    used 2950K, capacity 3165K, committed 3200K, reserved 1048576K
Event: 21.896 GC heap after
Heap after GC invocations=120 (full 1):
 PSYoungGen      total 680448K, used 996K [0x00000000d6600000, 0x0000000100000000, 0x0000000100000000)
  eden space 678912K, 0% used [0x00000000d6600000,0x00000000d6600000,0x00000000ffd00000)
  from space 1536K, 64% used [0x00000000ffd00000,0x00000000ffdf9010,0x00000000ffe80000)
  to   space 1536K, 0% used [0x00000000ffe80000,0x00000000ffe80000,0x0000000100000000)
 ParOldGen       total 55296K, used 52415K [0x0000000083200000, 0x0000000086800000, 0x00000000d6600000)
  object space 55296K, 94% used [0x0000000083200000,0x000000008652fd48,0x0000000086800000)
 Metaspace       used 21304K, capacity 22406K, committed 22656K, reserved 1069056K
  class space    used 2950K, capacity 3165K, committed 3200K, reserved 1048576K
}
Event: 21.961 GC heap before
{Heap before GC invocations=121 (full 1):
 PSYoungGen      total 680448K, used 679908K [0x00000000d6600000, 0x0000000100000000, 0x0000000100000000)
  eden space 678912K, 100% used [0x00000000d6600000,0x00000000ffd00000,0x00000000ffd00000)
  from space 1536K, 64% used [0x00000000ffd00000,0x00000000ffdf9010,0x00000000ffe80000)
  to   space 1536K, 0% used [0x00000000ffe80000,0x00000000ffe80000,0x0000000100000000)
 ParOldGen       total 55296K, used 52415K [0x0000000083200000, 0x0000000086800000, 0x00000000d6600000)
  object space 55296K, 94% used [0x0000000083200000,0x000000008652fd48,0x0000000086800000)
 Metaspace       used 21304K, capacity 22406K, committed 22656K, reserved 1069056K
  class space    used 2950K, capacity 3165K, committed 3200K, reserved 1048576K
Event: 21.962 GC heap after
Heap after GC invocations=121 (full 1):
 PSYoungGen      total 680448K, used 996K [0x00000000d6600000, 0x0000000100000000, 0x0000000100000000)
  eden space 678912K, 0% used [0x00000000d6600000,0x00000000d6600000,0x00000000ffd00000)
  from space 1536K, 64% used [0x00000000ffe80000,0x00000000fff79010,0x0000000100000000)
  to   space 1536K, 0% used [0x00000000ffd00000,0x00000000ffd00000,0x00000000ffe80000)
 ParOldGen       total 55296K, used 52423K [0x0000000083200000, 0x0000000086800000, 0x00000000d6600000)
  object space 55296K, 94% used [0x0000000083200000,0x0000000086531d48,0x0000000086800000)
 Metaspace       used 21304K, capacity 22406K, committed 22656K, reserved 1069056K
  class space    used 2950K, capacity 3165K, committed 3200K, reserved 1048576K
}
Event: 22.021 GC heap before
{Heap before GC invocations=122 (full 1):
 PSYoungGen      total 680448K, used 679908K [0x00000000d6600000, 0x0000000100000000, 0x0000000100000000)
  eden space 678912K, 100% used [0x00000000d6600000,0x00000000ffd00000,0x00000000ffd00000)
  from space 1536K, 64% used [0x00000000ffe80000,0x00000000fff79010,0x0000000100000000)
  to   space 1536K, 0% used [0x00000000ffd00000,0x00000000ffd00000,0x00000000ffe80000)
 ParOldGen       total 55296K, used 52423K [0x0000000083200000, 0x0000000086800000, 0x00000000d6600000)
  object space 55296K, 94% used [0x0000000083200000,0x0000000086531d48,0x0000000086800000)
 Metaspace       used 21304K, capacity 22406K, committed 22656K, reserved 1069056K
  class space    used 2950K, capacity 3165K, committed 3200K, reserved 1048576K
Event: 22.023 GC heap after
Heap after GC invocations=122 (full 1):
 PSYoungGen      total 680448K, used 1028K [0x00000000d6600000, 0x0000000100000000, 0x0000000100000000)
  eden space 678912K, 0% used [0x00000000d6600000,0x00000000d6600000,0x00000000ffd00000)
  from space 1536K, 66% used [0x00000000ffd00000,0x00000000ffe01010,0x00000000ffe80000)
  to   space 1536K, 0% used [0x00000000ffe80000,0x00000000ffe80000,0x0000000100000000)
 ParOldGen       total 55296K, used 52431K [0x0000000083200000, 0x0000000086800000, 0x00000000d6600000)
  object space 55296K, 94% used [0x0000000083200000,0x0000000086533d48,0x0000000086800000)
 Metaspace       used 21304K, capacity 22406K, committed 22656K, reserved 1069056K
  class space    used 2950K, capacity 3165K, committed 3200K, reserved 1048576K
}
Event: 22.078 GC heap before
{Heap before GC invocations=123 (full 1):
 PSYoungGen      total 680448K, used 676539K [0x00000000d6600000, 0x0000000100000000, 0x0000000100000000)
  eden space 678912K, 99% used [0x00000000d6600000,0x00000000ff9adef0,0x00000000ffd00000)
  from space 1536K, 66% used [0x00000000ffd00000,0x00000000ffe01010,0x00000000ffe80000)
  to   space 1536K, 0% used [0x00000000ffe80000,0x00000000ffe80000,0x0000000100000000)
 ParOldGen       total 55296K, used 52431K [0x0000000083200000, 0x0000000086800000, 0x00000000d6600000)
  object space 55296K, 94% used [0x0000000083200000,0x0000000086533d48,0x0000000086800000)
 Metaspace       used 21304K, capacity 22406K, committed 22656K, reserved 1069056K
  class space    used 2950K, capacity 3165K, committed 3200K, reserved 1048576K
Event: 22.079 GC heap after
Heap after GC invocations=123 (full 1):
 PSYoungGen      total 680448K, used 996K [0x00000000d6600000, 0x0000000100000000, 0x0000000100000000)
  eden space 678912K, 0% used [0x00000000d6600000,0x00000000d6600000,0x00000000ffd00000)
  from space 1536K, 64% used [0x00000000ffe80000,0x00000000fff79010,0x0000000100000000)
  to   space 1536K, 0% used [0x00000000ffd00000,0x00000000ffd00000,0x00000000ffe80000)
 ParOldGen       total 55296K, used 52447K [0x0000000083200000, 0x0000000086800000, 0x00000000d6600000)
  object space 55296K, 94% used [0x0000000083200000,0x0000000086537d48,0x0000000086800000)
 Metaspace       used 21304K, capacity 22406K, committed 22656K, reserved 1069056K
  class space    used 2950K, capacity 3165K, committed 3200K, reserved 1048576K
}
Event: 22.123 GC heap before
{Heap before GC invocations=124 (full 1):
 PSYoungGen      total 680448K, used 679908K [0x00000000d6600000, 0x0000000100000000, 0x0000000100000000)
  eden space 678912K, 100% used [0x00000000d6600000,0x00000000ffd00000,0x00000000ffd00000)
  from space 1536K, 64% used [0x00000000ffe80000,0x00000000fff79010,0x0000000100000000)
  to   space 1536K, 0% used [0x00000000ffd00000,0x00000000ffd00000,0x00000000ffe80000)
 ParOldGen       total 55296K, used 52447K [0x0000000083200000, 0x0000000086800000, 0x00000000d6600000)
  object space 55296K, 94% used [0x0000000083200000,0x0000000086537d48,0x0000000086800000)
 Metaspace       used 21304K, capacity 22406K, committed 22656K, reserved 1069056K
  class space    used 2950K, capacity 3165K, committed 3200K, reserved 1048576K
Event: 22.123 GC heap after
Heap after GC invocations=124 (full 1):
 PSYoungGen      total 680448K, used 1060K [0x00000000d6600000, 0x0000000100000000, 0x0000000100000000)
  eden space 678912K, 0% used [0x00000000d6600000,0x00000000d6600000,0x00000000ffd00000)
  from space 1536K, 69% used [0x00000000ffd00000,0x00000000ffe09010,0x00000000ffe80000)
  to   space 1536K, 0% used [0x00000000ffe80000,0x00000000ffe80000,0x0000000100000000)
 ParOldGen       total 55296K, used 52511K [0x0000000083200000, 0x0000000086800000, 0x00000000d6600000)
  object space 55296K, 94% used [0x0000000083200000,0x0000000086547d48,0x0000000086800000)
 Metaspace       used 21304K, capacity 22406K, committed 22656K, reserved 1069056K
  class space    used 2950K, capacity 3165K, committed 3200K, reserved 1048576K
}

