# JRE version: Java(TM) SE Runtime Environment (8.0_73-b02) (build 1.8.0_73-b02)
# Java VM: Java HotSpot(TM) 64-Bit Server VM (25.73-b02 mixed mode windows-amd64 compressed oops)
Heap:
 PSYoungGen      total 679936K, used 34279K [0x00000000d6600000, 0x0000000100000000, 0x0000000100000000)
  eden space 677888K, 4% used [0x00000000d6600000,0x00000000d86614e0,0x00000000ffc00000)
  from space 2048K, 54% used [0x00000000ffe00000,0x00000000fff19010,0x0000000100000000)
  to   space 2048K, 0% used [0x00000000ffc00000,0x00000000ffc00000,0x00000000ffe00000)
 ParOldGen       total 53760K, used 12405K [0x0000000083200000, 0x0000000086680000, 0x00000000d6600000)
  object space 53760K, 23% used [0x0000000083200000,0x0000000083e1d4b8,0x0000000086680000)
 Metaspace       used 20710K, capacity 21850K, committed 21888K, reserved 1069056K
  class space    used 2956K, capacity 3171K, committed 3200K, reserved 1048576K
GC Heap History (10 events):
Event: 15.240 GC heap before
{Heap before GC invocations=43 (full 1):
 PSYoungGen      total 679424K, used 677645K [0x00000000d6600000, 0x0000000100000000, 0x0000000100000000)
  eden space 676864K, 99% used [0x00000000d6600000,0x00000000ffac2508,0x00000000ffb00000)
  from space 2560K, 40% used [0x00000000ffb00000,0x00000000ffc01010,0x00000000ffd80000)
  to   space 2560K, 0% used [0x00000000ffd80000,0x00000000ffd80000,0x0000000100000000)
 ParOldGen       total 53760K, used 12317K [0x0000000083200000, 0x0000000086680000, 0x00000000d6600000)
  object space 53760K, 22% used [0x0000000083200000,0x0000000083e074b8,0x0000000086680000)
 Metaspace       used 20638K, capacity 21774K, committed 21888K, reserved 1069056K
  class space    used 2949K, capacity 3169K, committed 3200K, reserved 1048576K
Event: 15.240 GC heap after
Heap after GC invocations=43 (full 1):
 PSYoungGen      total 678400K, used 1028K [0x00000000d6600000, 0x00000000fff00000, 0x0000000100000000)
  eden space 676864K, 0% used [0x00000000d6600000,0x00000000d6600000,0x00000000ffb00000)
  from space 1536K, 66% used [0x00000000ffd80000,0x00000000ffe81010,0x00000000fff00000)
  to   space 2048K, 0% used [0x00000000ffb00000,0x00000000ffb00000,0x00000000ffd00000)
 ParOldGen       total 53760K, used 12333K [0x0000000083200000, 0x0000000086680000, 0x00000000d6600000)
  object space 53760K, 22% used [0x0000000083200000,0x0000000083e0b4b8,0x0000000086680000)
 Metaspace       used 20638K, capacity 21774K, committed 21888K, reserved 1069056K
  class space    used 2949K, capacity 3169K, committed 3200K, reserved 1048576K
}
Event: 15.333 GC heap before
{Heap before GC invocations=44 (full 1):
 PSYoungGen      total 678400K, used 677892K [0x00000000d6600000, 0x00000000fff00000, 0x0000000100000000)
  eden space 676864K, 100% used [0x00000000d6600000,0x00000000ffb00000,0x00000000ffb00000)
  from space 1536K, 66% used [0x00000000ffd80000,0x00000000ffe81010,0x00000000fff00000)
  to   space 2048K, 0% used [0x00000000ffb00000,0x00000000ffb00000,0x00000000ffd00000)
 ParOldGen       total 53760K, used 12333K [0x0000000083200000, 0x0000000086680000, 0x00000000d6600000)
  object space 53760K, 22% used [0x0000000083200000,0x0000000083e0b4b8,0x0000000086680000)
 Metaspace       used 20638K, capacity 21774K, committed 21888K, reserved 1069056K
  class space    used 2949K, capacity 3169K, committed 3200K, reserved 1048576K
Event: 15.334 GC heap after
Heap after GC invocations=44 (full 1):
 PSYoungGen      total 678912K, used 1028K [0x00000000d6600000, 0x0000000100000000, 0x0000000100000000)
  eden space 676864K, 0% used [0x00000000d6600000,0x00000000d6600000,0x00000000ffb00000)
  from space 2048K, 50% used [0x00000000ffb00000,0x00000000ffc01010,0x00000000ffd00000)
  to   space 2048K, 0% used [0x00000000ffe00000,0x00000000ffe00000,0x0000000100000000)
 ParOldGen       total 53760K, used 12341K [0x0000000083200000, 0x0000000086680000, 0x00000000d6600000)
  object space 53760K, 22% used [0x0000000083200000,0x0000000083e0d4b8,0x0000000086680000)
 Metaspace       used 20638K, capacity 21774K, committed 21888K, reserved 1069056K
  class space    used 2949K, capacity 3169K, committed 3200K, reserved 1048576K
}
Event: 15.424 GC heap before
{Heap before GC invocations=45 (full 1):
 PSYoungGen      total 678912K, used 677799K [0x00000000d6600000, 0x0000000100000000, 0x0000000100000000)
  eden space 676864K, 99% used [0x00000000d6600000,0x00000000ffae8e70,0x00000000ffb00000)
  from space 2048K, 50% used [0x00000000ffb00000,0x00000000ffc01010,0x00000000ffd00000)
  to   space 2048K, 0% used [0x00000000ffe00000,0x00000000ffe00000,0x0000000100000000)
 ParOldGen       total 53760K, used 12341K [0x0000000083200000, 0x0000000086680000, 0x00000000d6600000)
  object space 53760K, 22% used [0x0000000083200000,0x0000000083e0d4b8,0x0000000086680000)
 Metaspace       used 20638K, capacity 21774K, committed 21888K, reserved 1069056K
  class space    used 2949K, capacity 3169K, committed 3200K, reserved 1048576K
Event: 15.425 GC heap after
Heap after GC invocations=45 (full 1):
 PSYoungGen      total 679936K, used 1028K [0x00000000d6600000, 0x0000000100000000, 0x0000000100000000)
  eden space 677888K, 0% used [0x00000000d6600000,0x00000000d6600000,0x00000000ffc00000)
  from space 2048K, 50% used [0x00000000ffe00000,0x00000000fff01010,0x0000000100000000)
  to   space 2048K, 0% used [0x00000000ffc00000,0x00000000ffc00000,0x00000000ffe00000)
 ParOldGen       total 53760K, used 12349K [0x0000000083200000, 0x0000000086680000, 0x00000000d6600000)
  object space 53760K, 22% used [0x0000000083200000,0x0000000083e0f4b8,0x0000000086680000)
 Metaspace       used 20638K, capacity 21774K, committed 21888K, reserved 1069056K
  class space    used 2949K, capacity 3169K, committed 3200K, reserved 1048576K
}
Event: 15.511 GC heap before
{Heap before GC invocations=46 (full 1):
 PSYoungGen      total 679936K, used 678916K [0x00000000d6600000, 0x0000000100000000, 0x0000000100000000)
  eden space 677888K, 100% used [0x00000000d6600000,0x00000000ffc00000,0x00000000ffc00000)
  from space 2048K, 50% used [0x00000000ffe00000,0x00000000fff01010,0x0000000100000000)
  to   space 2048K, 0% used [0x00000000ffc00000,0x00000000ffc00000,0x00000000ffe00000)
 ParOldGen       total 53760K, used 12349K [0x0000000083200000, 0x0000000086680000, 0x00000000d6600000)
  object space 53760K, 22% used [0x0000000083200000,0x0000000083e0f4b8,0x0000000086680000)
 Metaspace       used 20638K, capacity 21774K, committed 21888K, reserved 1069056K
  class space    used 2949K, capacity 3169K, committed 3200K, reserved 1048576K
Event: 15.512 GC heap after
Heap after GC invocations=46 (full 1):
 PSYoungGen      total 679936K, used 1028K [0x00000000d6600000, 0x0000000100000000, 0x0000000100000000)
  eden space 677888K, 0% used [0x00000000d6600000,0x00000000d6600000,0x00000000ffc00000)
  from space 2048K, 50% used [0x00000000ffc00000,0x00000000ffd01010,0x00000000ffe00000)
  to   space 2048K, 0% used [0x00000000ffe00000,0x00000000ffe00000,0x0000000100000000)
 ParOldGen       total 53760K, used 12365K [0x0000000083200000, 0x0000000086680000, 0x00000000d6600000)
  object space 53760K, 23% used [0x0000000083200000,0x0000000083e134b8,0x0000000086680000)
 Metaspace       used 20638K, capacity 21774K, committed 21888K, reserved 1069056K
  class space    used 2949K, capacity 3169K, committed 3200K, reserved 1048576K
}
Event: 15.609 GC heap before
{Heap before GC invocations=47 (full 1):
 PSYoungGen      total 679936K, used 678916K [0x00000000d6600000, 0x0000000100000000, 0x0000000100000000)
  eden space 677888K, 100% used [0x00000000d6600000,0x00000000ffc00000,0x00000000ffc00000)
  from space 2048K, 50% used [0x00000000ffc00000,0x00000000ffd01010,0x00000000ffe00000)
  to   space 2048K, 0% used [0x00000000ffe00000,0x00000000ffe00000,0x0000000100000000)
 ParOldGen       total 53760K, used 12365K [0x0000000083200000, 0x0000000086680000, 0x00000000d6600000)
  object space 53760K, 23% used [0x0000000083200000,0x0000000083e134b8,0x0000000086680000)
 Metaspace       used 20692K, capacity 21786K, committed 21888K, reserved 1069056K
  class space    used 2956K, capacity 3171K, committed 3200K, reserved 1048576K
Event: 15.610 GC heap after
Heap after GC invocations=47 (full 1):
 PSYoungGen      total 679936K, used 1124K [0x00000000d6600000, 0x0000000100000000, 0x0000000100000000)
  eden space 677888K, 0% used [0x00000000d6600000,0x00000000d6600000,0x00000000ffc00000)
  from space 2048K, 54% used [0x00000000ffe00000,0x00000000fff19010,0x0000000100000000)
  to   space 2048K, 0% used [0x00000000ffc00000,0x00000000ffc00000,0x00000000ffe00000)
 ParOldGen       total 53760K, used 12405K [0x0000000083200000, 0x0000000086680000, 0x00000000d6600000)
  object space 53760K, 23% used [0x0000000083200000,0x0000000083e1d4b8,0x0000000086680000)
 Metaspace       used 20692K, capacity 21786K, committed 21888K, reserved 1069056K
  class space    used 2956K, capacity 3171K, committed 3200K, reserved 1048576K
}

