# JRE version: Java(TM) SE Runtime Environment (8.0_73-b02) (build 1.8.0_73-b02)
# Java VM: Java HotSpot(TM) 64-Bit Server VM (25.73-b02 mixed mode windows-amd64 compressed oops)
Heap:
 PSYoungGen      total 559616K, used 222485K [0x00000000d6600000, 0x00000000fc880000, 0x0000000100000000)
  eden space 559104K, 39% used [0x00000000d6600000,0x00000000e3edd7e8,0x00000000f8800000)
  from space 512K, 81% used [0x00000000fc800000,0x00000000fc868000,0x00000000fc880000)
  to   space 3072K, 0% used [0x00000000fc280000,0x00000000fc280000,0x00000000fc580000)
 ParOldGen       total 76800K, used 37863K [0x0000000083200000, 0x0000000087d00000, 0x00000000d6600000)
  object space 76800K, 49% used [0x0000000083200000,0x00000000856f9c80,0x0000000087d00000)
 Metaspace       used 20186K, capacity 21000K, committed 21248K, reserved 1067008K
  class space    used 2813K, capacity 2998K, committed 3072K, reserved 1048576K
GC Heap History (10 events):
Event: 33.304 GC heap before
{Heap before GC invocations=202 (full 2):
 PSYoungGen      total 460800K, used 458656K [0x00000000d6600000, 0x00000000fce00000, 0x0000000100000000)
  eden space 458240K, 100% used [0x00000000d6600000,0x00000000f2580000,0x00000000f2580000)
  from space 2560K, 16% used [0x00000000fc900000,0x00000000fc968000,0x00000000fcb80000)
  to   space 2560K, 0% used [0x00000000fcb80000,0x00000000fcb80000,0x00000000fce00000)
 ParOldGen       total 76800K, used 37207K [0x0000000083200000, 0x0000000087d00000, 0x00000000d6600000)
  object space 76800K, 48% used [0x0000000083200000,0x0000000085655c80,0x0000000087d00000)
 Metaspace       used 20109K, capacity 20860K, committed 20992K, reserved 1067008K
  class space    used 2806K, capacity 2996K, committed 3072K, reserved 1048576K
Event: 33.305 GC heap after
Heap after GC invocations=202 (full 2):
 PSYoungGen      total 478720K, used 1252K [0x00000000d6600000, 0x00000000fcd00000, 0x0000000100000000)
  eden space 477184K, 0% used [0x00000000d6600000,0x00000000d6600000,0x00000000f3800000)
  from space 1536K, 81% used [0x00000000fcb80000,0x00000000fccb9010,0x00000000fcd00000)
  to   space 2560K, 0% used [0x00000000fc800000,0x00000000fc800000,0x00000000fca80000)
 ParOldGen       total 76800K, used 37215K [0x0000000083200000, 0x0000000087d00000, 0x00000000d6600000)
  object space 76800K, 48% used [0x0000000083200000,0x0000000085657c80,0x0000000087d00000)
 Metaspace       used 20109K, capacity 20860K, committed 20992K, reserved 1067008K
  class space    used 2806K, capacity 2996K, committed 3072K, reserved 1048576K
}
Event: 33.582 GC heap before
{Heap before GC invocations=203 (full 2):
 PSYoungGen      total 478720K, used 478052K [0x00000000d6600000, 0x00000000fcd00000, 0x0000000100000000)
  eden space 477184K, 99% used [0x00000000d6600000,0x00000000f37a0198,0x00000000f3800000)
  from space 1536K, 81% used [0x00000000fcb80000,0x00000000fccb9010,0x00000000fcd00000)
  to   space 2560K, 0% used [0x00000000fc800000,0x00000000fc800000,0x00000000fca80000)
 ParOldGen       total 76800K, used 37215K [0x0000000083200000, 0x0000000087d00000, 0x00000000d6600000)
  object space 76800K, 48% used [0x0000000083200000,0x0000000085657c80,0x0000000087d00000)
 Metaspace       used 20117K, capacity 20860K, committed 20992K, reserved 1067008K
  class space    used 2806K, capacity 2996K, committed 3072K, reserved 1048576K
Event: 33.583 GC heap after
Heap after GC invocations=203 (full 2):
 PSYoungGen      total 499712K, used 2544K [0x00000000d6600000, 0x00000000fcc00000, 0x0000000100000000)
  eden space 497152K, 0% used [0x00000000d6600000,0x00000000d6600000,0x00000000f4b80000)
  from space 2560K, 99% used [0x00000000fc800000,0x00000000fca7c010,0x00000000fca80000)
  to   space 1536K, 0% used [0x00000000fca80000,0x00000000fca80000,0x00000000fcc00000)
 ParOldGen       total 76800K, used 37831K [0x0000000083200000, 0x0000000087d00000, 0x00000000d6600000)
  object space 76800K, 49% used [0x0000000083200000,0x00000000856f1c80,0x0000000087d00000)
 Metaspace       used 20117K, capacity 20860K, committed 20992K, reserved 1067008K
  class space    used 2806K, capacity 2996K, committed 3072K, reserved 1048576K
}
Event: 33.869 GC heap before
{Heap before GC invocations=204 (full 2):
 PSYoungGen      total 499712K, used 499689K [0x00000000d6600000, 0x00000000fcc00000, 0x0000000100000000)
  eden space 497152K, 99% used [0x00000000d6600000,0x00000000f4b7e4d0,0x00000000f4b80000)
  from space 2560K, 99% used [0x00000000fc800000,0x00000000fca7c010,0x00000000fca80000)
  to   space 1536K, 0% used [0x00000000fca80000,0x00000000fca80000,0x00000000fcc00000)
 ParOldGen       total 76800K, used 37831K [0x0000000083200000, 0x0000000087d00000, 0x00000000d6600000)
  object space 76800K, 49% used [0x0000000083200000,0x00000000856f1c80,0x0000000087d00000)
 Metaspace       used 20117K, capacity 20860K, committed 20992K, reserved 1067008K
  class space    used 2806K, capacity 2996K, committed 3072K, reserved 1048576K
Event: 33.870 GC heap after
Heap after GC invocations=204 (full 2):
 PSYoungGen      total 518656K, used 1284K [0x00000000d6600000, 0x00000000fcc00000, 0x0000000100000000)
  eden space 517120K, 0% used [0x00000000d6600000,0x00000000d6600000,0x00000000f5f00000)
  from space 1536K, 83% used [0x00000000fca80000,0x00000000fcbc1010,0x00000000fcc00000)
  to   space 3072K, 0% used [0x00000000fc600000,0x00000000fc600000,0x00000000fc900000)
 ParOldGen       total 76800K, used 37855K [0x0000000083200000, 0x0000000087d00000, 0x00000000d6600000)
  object space 76800K, 49% used [0x0000000083200000,0x00000000856f7c80,0x0000000087d00000)
 Metaspace       used 20117K, capacity 20860K, committed 20992K, reserved 1067008K
  class space    used 2806K, capacity 2996K, committed 3072K, reserved 1048576K
}
Event: 34.155 GC heap before
{Heap before GC invocations=205 (full 2):
 PSYoungGen      total 518656K, used 517769K [0x00000000d6600000, 0x00000000fcc00000, 0x0000000100000000)
  eden space 517120K, 99% used [0x00000000d6600000,0x00000000f5e61530,0x00000000f5f00000)
  from space 1536K, 83% used [0x00000000fca80000,0x00000000fcbc1010,0x00000000fcc00000)
  to   space 3072K, 0% used [0x00000000fc600000,0x00000000fc600000,0x00000000fc900000)
 ParOldGen       total 76800K, used 37855K [0x0000000083200000, 0x0000000087d00000, 0x00000000d6600000)
  object space 76800K, 49% used [0x0000000083200000,0x00000000856f7c80,0x0000000087d00000)
 Metaspace       used 20117K, capacity 20860K, committed 20992K, reserved 1067008K
  class space    used 2806K, capacity 2996K, committed 3072K, reserved 1048576K
Event: 34.156 GC heap after
Heap after GC invocations=205 (full 2):
 PSYoungGen      total 538624K, used 416K [0x00000000d6600000, 0x00000000fcb00000, 0x0000000100000000)
  eden space 538112K, 0% used [0x00000000d6600000,0x00000000d6600000,0x00000000f7380000)
  from space 512K, 81% used [0x00000000fc600000,0x00000000fc668000,0x00000000fc680000)
  to   space 3072K, 0% used [0x00000000fc800000,0x00000000fc800000,0x00000000fcb00000)
 ParOldGen       total 76800K, used 37855K [0x0000000083200000, 0x0000000087d00000, 0x00000000d6600000)
  object space 76800K, 49% used [0x0000000083200000,0x00000000856f7c80,0x0000000087d00000)
 Metaspace       used 20117K, capacity 20860K, committed 20992K, reserved 1067008K
  class space    used 2806K, capacity 2996K, committed 3072K, reserved 1048576K
}
Event: 34.445 GC heap before
{Heap before GC invocations=206 (full 2):
 PSYoungGen      total 538624K, used 538033K [0x00000000d6600000, 0x00000000fcb00000, 0x0000000100000000)
  eden space 538112K, 99% used [0x00000000d6600000,0x00000000f73047e8,0x00000000f7380000)
  from space 512K, 81% used [0x00000000fc600000,0x00000000fc668000,0x00000000fc680000)
  to   space 3072K, 0% used [0x00000000fc800000,0x00000000fc800000,0x00000000fcb00000)
 ParOldGen       total 76800K, used 37855K [0x0000000083200000, 0x0000000087d00000, 0x00000000d6600000)
  object space 76800K, 49% used [0x0000000083200000,0x00000000856f7c80,0x0000000087d00000)
 Metaspace       used 20118K, capacity 20860K, committed 20992K, reserved 1067008K
  class space    used 2806K, capacity 2996K, committed 3072K, reserved 1048576K
Event: 34.446 GC heap after
Heap after GC invocations=206 (full 2):
 PSYoungGen      total 559616K, used 416K [0x00000000d6600000, 0x00000000fc880000, 0x0000000100000000)
  eden space 559104K, 0% used [0x00000000d6600000,0x00000000d6600000,0x00000000f8800000)
  from space 512K, 81% used [0x00000000fc800000,0x00000000fc868000,0x00000000fc880000)
  to   space 3072K, 0% used [0x00000000fc280000,0x00000000fc280000,0x00000000fc580000)
 ParOldGen       total 76800K, used 37863K [0x0000000083200000, 0x0000000087d00000, 0x00000000d6600000)
  object space 76800K, 49% used [0x0000000083200000,0x00000000856f9c80,0x0000000087d00000)
 Metaspace       used 20118K, capacity 20860K, committed 20992K, reserved 1067008K
  class space    used 2806K, capacity 2996K, committed 3072K, reserved 1048576K
}

