# JRE version: Java(TM) SE Runtime Environment (8.0_73-b02) (build 1.8.0_73-b02)
# Java VM: Java HotSpot(TM) 64-Bit Server VM (25.73-b02 mixed mode windows-amd64 compressed oops)
Heap:
 PSYoungGen      total 617984K, used 280392K [0x00000000d6600000, 0x00000000fca00000, 0x0000000100000000)
  eden space 615424K, 45% used [0x00000000d6600000,0x00000000e77729b8,0x00000000fbf00000)
  from space 2560K, 15% used [0x00000000fbf00000,0x00000000fbf60000,0x00000000fc180000)
  to   space 2560K, 0% used [0x00000000fc780000,0x00000000fc780000,0x00000000fca00000)
 ParOldGen       total 86528K, used 15971K [0x0000000083200000, 0x0000000088680000, 0x00000000d6600000)
  object space 86528K, 18% used [0x0000000083200000,0x0000000084198ce0,0x0000000088680000)
 Metaspace       used 20073K, capacity 20924K, committed 21248K, reserved 1067008K
  class space    used 2814K, capacity 2998K, committed 3072K, reserved 1048576K
GC Heap History (10 events):
Event: 44.054 GC heap before
{Heap before GC invocations=264 (full 3):
 PSYoungGen      total 561664K, used 561026K [0x00000000d6600000, 0x00000000fc980000, 0x0000000100000000)
  eden space 559104K, 99% used [0x00000000d6600000,0x00000000f87b69d0,0x00000000f8800000)
  from space 2560K, 86% used [0x00000000fc700000,0x00000000fc92a020,0x00000000fc980000)
  to   space 3072K, 0% used [0x00000000fc380000,0x00000000fc380000,0x00000000fc680000)
 ParOldGen       total 86528K, used 15891K [0x0000000083200000, 0x0000000088680000, 0x00000000d6600000)
  object space 86528K, 18% used [0x0000000083200000,0x0000000084184ce0,0x0000000088680000)
 Metaspace       used 20000K, capacity 20784K, committed 20992K, reserved 1067008K
  class space    used 2807K, capacity 2996K, committed 3072K, reserved 1048576K
Event: 44.056 GC heap after
Heap after GC invocations=264 (full 3):
 PSYoungGen      total 571904K, used 416K [0x00000000d6600000, 0x00000000fc780000, 0x0000000100000000)
  eden space 571392K, 0% used [0x00000000d6600000,0x00000000d6600000,0x00000000f9400000)
  from space 512K, 81% used [0x00000000fc380000,0x00000000fc3e8000,0x00000000fc400000)
  to   space 3072K, 0% used [0x00000000fc480000,0x00000000fc480000,0x00000000fc780000)
 ParOldGen       total 86528K, used 15907K [0x0000000083200000, 0x0000000088680000, 0x00000000d6600000)
  object space 86528K, 18% used [0x0000000083200000,0x0000000084188ce0,0x0000000088680000)
 Metaspace       used 20000K, capacity 20784K, committed 20992K, reserved 1067008K
  class space    used 2807K, capacity 2996K, committed 3072K, reserved 1048576K
}
Event: 44.369 GC heap before
{Heap before GC invocations=265 (full 3):
 PSYoungGen      total 571904K, used 571035K [0x00000000d6600000, 0x00000000fc780000, 0x0000000100000000)
  eden space 571392K, 99% used [0x00000000d6600000,0x00000000f933ee68,0x00000000f9400000)
  from space 512K, 81% used [0x00000000fc380000,0x00000000fc3e8000,0x00000000fc400000)
  to   space 3072K, 0% used [0x00000000fc480000,0x00000000fc480000,0x00000000fc780000)
 ParOldGen       total 86528K, used 15907K [0x0000000083200000, 0x0000000088680000, 0x00000000d6600000)
  object space 86528K, 18% used [0x0000000083200000,0x0000000084188ce0,0x0000000088680000)
 Metaspace       used 20000K, capacity 20784K, committed 20992K, reserved 1067008K
  class space    used 2807K, capacity 2996K, committed 3072K, reserved 1048576K
Event: 44.370 GC heap after
Heap after GC invocations=265 (full 3):
 PSYoungGen      total 585216K, used 1316K [0x00000000d6600000, 0x00000000fc600000, 0x0000000100000000)
  eden space 583680K, 0% used [0x00000000d6600000,0x00000000d6600000,0x00000000fa000000)
  from space 1536K, 85% used [0x00000000fc480000,0x00000000fc5c9010,0x00000000fc600000)
  to   space 2560K, 0% used [0x00000000fc100000,0x00000000fc100000,0x00000000fc380000)
 ParOldGen       total 86528K, used 15915K [0x0000000083200000, 0x0000000088680000, 0x00000000d6600000)
  object space 86528K, 18% used [0x0000000083200000,0x000000008418ace0,0x0000000088680000)
 Metaspace       used 20000K, capacity 20784K, committed 20992K, reserved 1067008K
  class space    used 2807K, capacity 2996K, committed 3072K, reserved 1048576K
}
Event: 44.691 GC heap before
{Heap before GC invocations=266 (full 3):
 PSYoungGen      total 585216K, used 584757K [0x00000000d6600000, 0x00000000fc600000, 0x0000000100000000)
  eden space 583680K, 99% used [0x00000000d6600000,0x00000000f9fc4558,0x00000000fa000000)
  from space 1536K, 85% used [0x00000000fc480000,0x00000000fc5c9010,0x00000000fc600000)
  to   space 2560K, 0% used [0x00000000fc100000,0x00000000fc100000,0x00000000fc380000)
 ParOldGen       total 86528K, used 15915K [0x0000000083200000, 0x0000000088680000, 0x00000000d6600000)
  object space 86528K, 18% used [0x0000000083200000,0x000000008418ace0,0x0000000088680000)
 Metaspace       used 20000K, capacity 20784K, committed 20992K, reserved 1067008K
  class space    used 2807K, capacity 2996K, committed 3072K, reserved 1048576K
Event: 44.692 GC heap after
Heap after GC invocations=266 (full 3):
 PSYoungGen      total 596480K, used 416K [0x00000000d6600000, 0x00000000fc500000, 0x0000000100000000)
  eden space 595968K, 0% used [0x00000000d6600000,0x00000000d6600000,0x00000000fac00000)
  from space 512K, 81% used [0x00000000fc100000,0x00000000fc168000,0x00000000fc180000)
  to   space 2560K, 0% used [0x00000000fc280000,0x00000000fc280000,0x00000000fc500000)
 ParOldGen       total 86528K, used 15939K [0x0000000083200000, 0x0000000088680000, 0x00000000d6600000)
  object space 86528K, 18% used [0x0000000083200000,0x0000000084190ce0,0x0000000088680000)
 Metaspace       used 20000K, capacity 20784K, committed 20992K, reserved 1067008K
  class space    used 2807K, capacity 2996K, committed 3072K, reserved 1048576K
}
Event: 44.981 GC heap before
{Heap before GC invocations=267 (full 3):
 PSYoungGen      total 596480K, used 596384K [0x00000000d6600000, 0x00000000fc500000, 0x0000000100000000)
  eden space 595968K, 100% used [0x00000000d6600000,0x00000000fac00000,0x00000000fac00000)
  from space 512K, 81% used [0x00000000fc100000,0x00000000fc168000,0x00000000fc180000)
  to   space 2560K, 0% used [0x00000000fc280000,0x00000000fc280000,0x00000000fc500000)
 ParOldGen       total 86528K, used 15939K [0x0000000083200000, 0x0000000088680000, 0x00000000d6600000)
  object space 86528K, 18% used [0x0000000083200000,0x0000000084190ce0,0x0000000088680000)
 Metaspace       used 20000K, capacity 20784K, committed 20992K, reserved 1067008K
  class space    used 2807K, capacity 2996K, committed 3072K, reserved 1048576K
Event: 44.982 GC heap after
Heap after GC invocations=267 (full 3):
 PSYoungGen      total 610304K, used 1284K [0x00000000d6600000, 0x00000000fc400000, 0x0000000100000000)
  eden space 608768K, 0% used [0x00000000d6600000,0x00000000d6600000,0x00000000fb880000)
  from space 1536K, 83% used [0x00000000fc280000,0x00000000fc3c1010,0x00000000fc400000)
  to   space 2560K, 0% used [0x00000000fbf00000,0x00000000fbf00000,0x00000000fc180000)
 ParOldGen       total 86528K, used 15955K [0x0000000083200000, 0x0000000088680000, 0x00000000d6600000)
  object space 86528K, 18% used [0x0000000083200000,0x0000000084194ce0,0x0000000088680000)
 Metaspace       used 20000K, capacity 20784K, committed 20992K, reserved 1067008K
  class space    used 2807K, capacity 2996K, committed 3072K, reserved 1048576K
}
Event: 45.315 GC heap before
{Heap before GC invocations=268 (full 3):
 PSYoungGen      total 610304K, used 609534K [0x00000000d6600000, 0x00000000fc400000, 0x0000000100000000)
  eden space 608768K, 99% used [0x00000000d6600000,0x00000000fb7fe848,0x00000000fb880000)
  from space 1536K, 83% used [0x00000000fc280000,0x00000000fc3c1010,0x00000000fc400000)
  to   space 2560K, 0% used [0x00000000fbf00000,0x00000000fbf00000,0x00000000fc180000)
 ParOldGen       total 86528K, used 15955K [0x0000000083200000, 0x0000000088680000, 0x00000000d6600000)
  object space 86528K, 18% used [0x0000000083200000,0x0000000084194ce0,0x0000000088680000)
 Metaspace       used 20000K, capacity 20784K, committed 20992K, reserved 1067008K
  class space    used 2807K, capacity 2996K, committed 3072K, reserved 1048576K
Event: 45.316 GC heap after
Heap after GC invocations=268 (full 3):
 PSYoungGen      total 617984K, used 384K [0x00000000d6600000, 0x00000000fca00000, 0x0000000100000000)
  eden space 615424K, 0% used [0x00000000d6600000,0x00000000d6600000,0x00000000fbf00000)
  from space 2560K, 15% used [0x00000000fbf00000,0x00000000fbf60000,0x00000000fc180000)
  to   space 2560K, 0% used [0x00000000fc780000,0x00000000fc780000,0x00000000fca00000)
 ParOldGen       total 86528K, used 15971K [0x0000000083200000, 0x0000000088680000, 0x00000000d6600000)
  object space 86528K, 18% used [0x0000000083200000,0x0000000084198ce0,0x0000000088680000)
 Metaspace       used 20000K, capacity 20784K, committed 20992K, reserved 1067008K
  class space    used 2807K, capacity 2996K, committed 3072K, reserved 1048576K
}

